[23-Jul-2016 18:09:38 UTC] PHP Fatal error:  Invalid view: usg.json in /home/ubuntu/workspace/CS50/pset9fp/includes/helpers.php on line 90
[23-Jul-2016 18:09:38 UTC] PHP Stack trace:
[23-Jul-2016 18:09:38 UTC] PHP   1. {main}() /home/ubuntu/workspace/CS50/pset9fp/public/index.php:0
[23-Jul-2016 18:09:38 UTC] PHP   2. render() /home/ubuntu/workspace/CS50/pset9fp/public/index.php:22
[23-Jul-2016 18:09:38 UTC] PHP   3. trigger_error() /home/ubuntu/workspace/CS50/pset9fp/includes/helpers.php:90
[23-Jul-2016 18:10:52 UTC] PHP Fatal error:  Invalid view: usg.json in /home/ubuntu/workspace/CS50/pset9fp/includes/helpers.php on line 90
[23-Jul-2016 18:10:52 UTC] PHP Stack trace:
[23-Jul-2016 18:10:52 UTC] PHP   1. {main}() /home/ubuntu/workspace/CS50/pset9fp/public/index.php:0
[23-Jul-2016 18:10:52 UTC] PHP   2. render() /home/ubuntu/workspace/CS50/pset9fp/public/index.php:18
[23-Jul-2016 18:10:52 UTC] PHP   3. trigger_error() /home/ubuntu/workspace/CS50/pset9fp/includes/helpers.php:90
[23-Jul-2016 18:10:54 UTC] PHP Fatal error:  Invalid view: usg.json in /home/ubuntu/workspace/CS50/pset9fp/includes/helpers.php on line 90
[23-Jul-2016 18:10:54 UTC] PHP Stack trace:
[23-Jul-2016 18:10:54 UTC] PHP   1. {main}() /home/ubuntu/workspace/CS50/pset9fp/public/index.php:0
[23-Jul-2016 18:10:54 UTC] PHP   2. render() /home/ubuntu/workspace/CS50/pset9fp/public/index.php:18
[23-Jul-2016 18:10:54 UTC] PHP   3. trigger_error() /home/ubuntu/workspace/CS50/pset9fp/includes/helpers.php:90
[23-Jul-2016 18:11:44 UTC] PHP Fatal error:  Invalid view: usg.json in /home/ubuntu/workspace/CS50/pset9fp/includes/helpers.php on line 90
[23-Jul-2016 18:11:44 UTC] PHP Stack trace:
[23-Jul-2016 18:11:44 UTC] PHP   1. {main}() /home/ubuntu/workspace/CS50/pset9fp/public/index.php:0
[23-Jul-2016 18:11:44 UTC] PHP   2. render() /home/ubuntu/workspace/CS50/pset9fp/public/index.php:21
[23-Jul-2016 18:11:44 UTC] PHP   3. trigger_error() /home/ubuntu/workspace/CS50/pset9fp/includes/helpers.php:90
[23-Jul-2016 18:11:45 UTC] PHP Fatal error:  Invalid view: usg.json in /home/ubuntu/workspace/CS50/pset9fp/includes/helpers.php on line 90
[23-Jul-2016 18:11:45 UTC] PHP Stack trace:
[23-Jul-2016 18:11:45 UTC] PHP   1. {main}() /home/ubuntu/workspace/CS50/pset9fp/public/index.php:0
[23-Jul-2016 18:11:45 UTC] PHP   2. render() /home/ubuntu/workspace/CS50/pset9fp/public/index.php:21
[23-Jul-2016 18:11:45 UTC] PHP   3. trigger_error() /home/ubuntu/workspace/CS50/pset9fp/includes/helpers.php:90
[23-Jul-2016 18:12:09 UTC] PHP Warning:  file_get_contents(../json/helsjfae.json): failed to open stream: No such file or directory in /home/ubuntu/workspace/CS50/pset9fp/public/index.php on line 16
[23-Jul-2016 18:12:09 UTC] PHP Stack trace:
[23-Jul-2016 18:12:09 UTC] PHP   1. {main}() /home/ubuntu/workspace/CS50/pset9fp/public/index.php:0
[23-Jul-2016 18:12:09 UTC] PHP   2. file_get_contents() /home/ubuntu/workspace/CS50/pset9fp/public/index.php:16
[23-Jul-2016 18:12:09 UTC] PHP Fatal error:  Invalid view: usg.json in /home/ubuntu/workspace/CS50/pset9fp/includes/helpers.php on line 90
[23-Jul-2016 18:12:09 UTC] PHP Stack trace:
[23-Jul-2016 18:12:09 UTC] PHP   1. {main}() /home/ubuntu/workspace/CS50/pset9fp/public/index.php:0
[23-Jul-2016 18:12:09 UTC] PHP   2. render() /home/ubuntu/workspace/CS50/pset9fp/public/index.php:21
[23-Jul-2016 18:12:09 UTC] PHP   3. trigger_error() /home/ubuntu/workspace/CS50/pset9fp/includes/helpers.php:90
[23-Jul-2016 18:12:40 UTC] PHP Fatal error:  Invalid view: usg.json in /home/ubuntu/workspace/CS50/pset9fp/includes/helpers.php on line 90
[23-Jul-2016 18:12:40 UTC] PHP Stack trace:
[23-Jul-2016 18:12:40 UTC] PHP   1. {main}() /home/ubuntu/workspace/CS50/pset9fp/public/index.php:0
[23-Jul-2016 18:12:40 UTC] PHP   2. render() /home/ubuntu/workspace/CS50/pset9fp/public/index.php:21
[23-Jul-2016 18:12:40 UTC] PHP   3. trigger_error() /home/ubuntu/workspace/CS50/pset9fp/includes/helpers.php:90
[23-Jul-2016 18:12:59 UTC] PHP Fatal error:  Invalid view: usg.json in /home/ubuntu/workspace/CS50/pset9fp/includes/helpers.php on line 90
[23-Jul-2016 18:12:59 UTC] PHP Stack trace:
[23-Jul-2016 18:12:59 UTC] PHP   1. {main}() /home/ubuntu/workspace/CS50/pset9fp/public/index.php:0
[23-Jul-2016 18:12:59 UTC] PHP   2. render() /home/ubuntu/workspace/CS50/pset9fp/public/index.php:24
[23-Jul-2016 18:12:59 UTC] PHP   3. trigger_error() /home/ubuntu/workspace/CS50/pset9fp/includes/helpers.php:90
[23-Jul-2016 18:13:00 UTC] PHP Fatal error:  Invalid view: usg.json in /home/ubuntu/workspace/CS50/pset9fp/includes/helpers.php on line 90
[23-Jul-2016 18:13:00 UTC] PHP Stack trace:
[23-Jul-2016 18:13:00 UTC] PHP   1. {main}() /home/ubuntu/workspace/CS50/pset9fp/public/index.php:0
[23-Jul-2016 18:13:00 UTC] PHP   2. render() /home/ubuntu/workspace/CS50/pset9fp/public/index.php:24
[23-Jul-2016 18:13:00 UTC] PHP   3. trigger_error() /home/ubuntu/workspace/CS50/pset9fp/includes/helpers.php:90
[23-Jul-2016 18:13:02 UTC] PHP Fatal error:  Invalid view: usg.json in /home/ubuntu/workspace/CS50/pset9fp/includes/helpers.php on line 90
[23-Jul-2016 18:13:02 UTC] PHP Stack trace:
[23-Jul-2016 18:13:02 UTC] PHP   1. {main}() /home/ubuntu/workspace/CS50/pset9fp/public/index.php:0
[23-Jul-2016 18:13:02 UTC] PHP   2. render() /home/ubuntu/workspace/CS50/pset9fp/public/index.php:24
[23-Jul-2016 18:13:02 UTC] PHP   3. trigger_error() /home/ubuntu/workspace/CS50/pset9fp/includes/helpers.php:90
[23-Jul-2016 18:13:44 UTC] PHP Notice:  Undefined variable: positions in /home/ubuntu/workspace/CS50/pset9fp/views/generic.php on line 13
[23-Jul-2016 18:13:44 UTC] PHP Stack trace:
[23-Jul-2016 18:13:44 UTC] PHP   1. {main}() /home/ubuntu/workspace/CS50/pset9fp/public/index.php:0
[23-Jul-2016 18:13:44 UTC] PHP   2. render() /home/ubuntu/workspace/CS50/pset9fp/public/index.php:24
[23-Jul-2016 18:13:44 UTC] PHP   3. require() /home/ubuntu/workspace/CS50/pset9fp/includes/helpers.php:82
[23-Jul-2016 18:13:44 UTC] PHP Warning:  Invalid argument supplied for foreach() in /home/ubuntu/workspace/CS50/pset9fp/views/generic.php on line 13
[23-Jul-2016 18:13:44 UTC] PHP Stack trace:
[23-Jul-2016 18:13:44 UTC] PHP   1. {main}() /home/ubuntu/workspace/CS50/pset9fp/public/index.php:0
[23-Jul-2016 18:13:44 UTC] PHP   2. render() /home/ubuntu/workspace/CS50/pset9fp/public/index.php:24
[23-Jul-2016 18:13:44 UTC] PHP   3. require() /home/ubuntu/workspace/CS50/pset9fp/includes/helpers.php:82
[23-Jul-2016 18:13:44 UTC] PHP Notice:  Undefined variable: cash in /home/ubuntu/workspace/CS50/pset9fp/views/generic.php on line 21
[23-Jul-2016 18:13:44 UTC] PHP Stack trace:
[23-Jul-2016 18:13:44 UTC] PHP   1. {main}() /home/ubuntu/workspace/CS50/pset9fp/public/index.php:0
[23-Jul-2016 18:13:44 UTC] PHP   2. render() /home/ubuntu/workspace/CS50/pset9fp/public/index.php:24
[23-Jul-2016 18:13:44 UTC] PHP   3. require() /home/ubuntu/workspace/CS50/pset9fp/includes/helpers.php:82
[23-Jul-2016 18:31:12 UTC] PHP Notice:  Undefined variable: url in /home/ubuntu/workspace/CS50/pset9fp/public/index.php on line 17
[23-Jul-2016 18:31:12 UTC] PHP Stack trace:
[23-Jul-2016 18:31:12 UTC] PHP   1. {main}() /home/ubuntu/workspace/CS50/pset9fp/public/index.php:0
[23-Jul-2016 18:31:12 UTC] PHP Warning:  file_get_contents(): Filename cannot be empty in /home/ubuntu/workspace/CS50/pset9fp/public/index.php on line 17
[23-Jul-2016 18:31:12 UTC] PHP Stack trace:
[23-Jul-2016 18:31:12 UTC] PHP   1. {main}() /home/ubuntu/workspace/CS50/pset9fp/public/index.php:0
[23-Jul-2016 18:31:12 UTC] PHP   2. file_get_contents() /home/ubuntu/workspace/CS50/pset9fp/public/index.php:17
[28-Jul-2016 04:28:40 UTC] PHP Warning:  fwrite() expects parameter 1 to be resource, null given in /home/ubuntu/workspace/CS50/pset9fp/public/formbuild.php on line 10
[28-Jul-2016 04:28:40 UTC] PHP Warning:  fwrite() expects parameter 1 to be resource, null given in /home/ubuntu/workspace/CS50/pset9fp/public/formbuild.php on line 10
[28-Jul-2016 04:28:40 UTC] PHP Stack trace:
[28-Jul-2016 04:28:40 UTC] PHP   1. {main}() /home/ubuntu/workspace/CS50/pset9fp/public/formbuild.php:0
[28-Jul-2016 04:28:40 UTC] PHP Stack trace:
[28-Jul-2016 04:28:40 UTC] PHP   2. fwrite() /home/ubuntu/workspace/CS50/pset9fp/public/formbuild.php:10
[28-Jul-2016 04:28:40 UTC] PHP   1. {main}() /home/ubuntu/workspace/CS50/pset9fp/public/formbuild.php:0
[28-Jul-2016 04:28:40 UTC] PHP   2. fwrite() /home/ubuntu/workspace/CS50/pset9fp/public/formbuild.php:10
[28-Jul-2016 04:28:40 UTC] PHP Warning:  fwrite() expects parameter 1 to be resource, null given in /home/ubuntu/workspace/CS50/pset9fp/public/formbuild.php on line 10
[28-Jul-2016 04:28:40 UTC] PHP Stack trace:
[28-Jul-2016 04:28:40 UTC] PHP   1. {main}() /home/ubuntu/workspace/CS50/pset9fp/public/formbuild.php:0
[28-Jul-2016 04:28:40 UTC] PHP   2. fwrite() /home/ubuntu/workspace/CS50/pset9fp/public/formbuild.php:10
[28-Jul-2016 04:39:00 UTC] PHP Warning:  fwrite() expects parameter 1 to be resource, null given in /home/ubuntu/workspace/CS50/pset9fp/public/formbuild.php on line 10
[28-Jul-2016 04:39:00 UTC] PHP Stack trace:
[28-Jul-2016 04:39:00 UTC] PHP   1. {main}() /home/ubuntu/workspace/CS50/pset9fp/public/formbuild.php:0
[28-Jul-2016 04:39:00 UTC] PHP   2. fwrite() /home/ubuntu/workspace/CS50/pset9fp/public/formbuild.php:10
[28-Jul-2016 04:40:28 UTC] PHP Warning:  fwrite() expects parameter 1 to be resource, null given in /home/ubuntu/workspace/CS50/pset9fp/public/formbuild.php on line 10
[28-Jul-2016 04:40:28 UTC] PHP Stack trace:
[28-Jul-2016 04:40:28 UTC] PHP   1. {main}() /home/ubuntu/workspace/CS50/pset9fp/public/formbuild.php:0
[28-Jul-2016 04:40:28 UTC] PHP   2. fwrite() /home/ubuntu/workspace/CS50/pset9fp/public/formbuild.php:10
[28-Jul-2016 04:41:14 UTC] PHP Warning:  fwrite() expects parameter 1 to be resource, null given in /home/ubuntu/workspace/CS50/pset9fp/public/formbuild.php on line 10
[28-Jul-2016 04:41:14 UTC] PHP Stack trace:
[28-Jul-2016 04:41:14 UTC] PHP   1. {main}() /home/ubuntu/workspace/CS50/pset9fp/public/formbuild.php:0
[28-Jul-2016 04:41:14 UTC] PHP   2. fwrite() /home/ubuntu/workspace/CS50/pset9fp/public/formbuild.php:10
[28-Jul-2016 04:41:43 UTC] PHP Warning:  fwrite() expects parameter 1 to be resource, null given in /home/ubuntu/workspace/CS50/pset9fp/public/formbuild.php on line 10
[28-Jul-2016 04:41:43 UTC] PHP Stack trace:
[28-Jul-2016 04:41:43 UTC] PHP   1. {main}() /home/ubuntu/workspace/CS50/pset9fp/public/formbuild.php:0
[28-Jul-2016 04:41:43 UTC] PHP   2. fwrite() /home/ubuntu/workspace/CS50/pset9fp/public/formbuild.php:10
[28-Jul-2016 04:52:24 UTC] PHP Warning:  fwrite() expects parameter 1 to be resource, null given in /home/ubuntu/workspace/CS50/pset9fp/public/formbuild.php on line 8
[28-Jul-2016 04:52:24 UTC] PHP Stack trace:
[28-Jul-2016 04:52:24 UTC] PHP   1. {main}() /home/ubuntu/workspace/CS50/pset9fp/public/formbuild.php:0
[28-Jul-2016 04:52:24 UTC] PHP   2. fwrite() /home/ubuntu/workspace/CS50/pset9fp/public/formbuild.php:8
[28-Jul-2016 04:52:24 UTC] PHP Warning:  fwrite() expects parameter 1 to be resource, null given in /home/ubuntu/workspace/CS50/pset9fp/public/formbuild.php on line 8
[28-Jul-2016 04:52:24 UTC] PHP Stack trace:
[28-Jul-2016 04:52:24 UTC] PHP   1. {main}() /home/ubuntu/workspace/CS50/pset9fp/public/formbuild.php:0
[28-Jul-2016 04:52:24 UTC] PHP   2. fwrite() /home/ubuntu/workspace/CS50/pset9fp/public/formbuild.php:8
[28-Jul-2016 04:52:24 UTC] PHP Warning:  fclose() expects parameter 1 to be resource, null given in /home/ubuntu/workspace/CS50/pset9fp/public/formbuild.php on line 11
[28-Jul-2016 04:52:24 UTC] PHP Stack trace:
[28-Jul-2016 04:52:24 UTC] PHP   1. {main}() /home/ubuntu/workspace/CS50/pset9fp/public/formbuild.php:0
[28-Jul-2016 04:52:24 UTC] PHP   2. fclose() /home/ubuntu/workspace/CS50/pset9fp/public/formbuild.php:11
[28-Jul-2016 04:54:10 UTC] PHP Warning:  fwrite() expects parameter 1 to be resource, boolean given in /home/ubuntu/workspace/CS50/pset9fp/public/formbuild.php on line 10
[28-Jul-2016 04:54:10 UTC] PHP Stack trace:
[28-Jul-2016 04:54:10 UTC] PHP   1. {main}() /home/ubuntu/workspace/CS50/pset9fp/public/formbuild.php:0
[28-Jul-2016 04:54:10 UTC] PHP   2. fwrite() /home/ubuntu/workspace/CS50/pset9fp/public/formbuild.php:10
[28-Jul-2016 04:55:05 UTC] PHP Warning:  fwrite() expects parameter 1 to be resource, boolean given in /home/ubuntu/workspace/CS50/pset9fp/public/formbuild.php on line 10
[28-Jul-2016 04:55:05 UTC] PHP Stack trace:
[28-Jul-2016 04:55:05 UTC] PHP   1. {main}() /home/ubuntu/workspace/CS50/pset9fp/public/formbuild.php:0
[28-Jul-2016 04:55:05 UTC] PHP   2. fwrite() /home/ubuntu/workspace/CS50/pset9fp/public/formbuild.php:10
[28-Jul-2016 04:55:12 UTC] PHP Warning:  fwrite() expects parameter 1 to be resource, boolean given in /home/ubuntu/workspace/CS50/pset9fp/public/formbuild.php on line 10
[28-Jul-2016 04:55:12 UTC] PHP Stack trace:
[28-Jul-2016 04:55:12 UTC] PHP   1. {main}() /home/ubuntu/workspace/CS50/pset9fp/public/formbuild.php:0
[28-Jul-2016 04:55:12 UTC] PHP   2. fwrite() /home/ubuntu/workspace/CS50/pset9fp/public/formbuild.php:10
[28-Jul-2016 04:58:51 UTC] PHP Parse error:  syntax error, unexpected end of file in /home/ubuntu/workspace/CS50/pset9fp/public/formbuild.php on line 33
[28-Jul-2016 04:59:27 UTC] PHP Parse error:  syntax error, unexpected end of file in /home/ubuntu/workspace/CS50/pset9fp/public/formbuild.php on line 33
[28-Jul-2016 05:15:23 UTC] PHP Parse error:  syntax error, unexpected '}' in /home/ubuntu/workspace/CS50/pset9fp/public/formbuild.php on line 41
[28-Jul-2016 05:27:38 UTC] PHP Warning:  fwrite() expects parameter 1 to be resource, boolean given in /home/ubuntu/workspace/CS50/pset9fp/public/formbuild.php on line 10
[28-Jul-2016 05:27:38 UTC] PHP Stack trace:
[28-Jul-2016 05:27:38 UTC] PHP   1. {main}() /home/ubuntu/workspace/CS50/pset9fp/public/formbuild.php:0
[28-Jul-2016 05:27:38 UTC] PHP   2. fwrite() /home/ubuntu/workspace/CS50/pset9fp/public/formbuild.php:10
[28-Jul-2016 05:29:12 UTC] PHP Warning:  fwrite() expects parameter 1 to be resource, boolean given in /home/ubuntu/workspace/CS50/pset9fp/public/formbuild.php on line 10
[28-Jul-2016 05:29:12 UTC] PHP Stack trace:
[28-Jul-2016 05:29:12 UTC] PHP   1. {main}() /home/ubuntu/workspace/CS50/pset9fp/public/formbuild.php:0
[28-Jul-2016 05:29:12 UTC] PHP   2. fwrite() /home/ubuntu/workspace/CS50/pset9fp/public/formbuild.php:10
[28-Jul-2016 05:30:01 UTC] PHP Warning:  fwrite() expects parameter 1 to be resource, boolean given in /home/ubuntu/workspace/CS50/pset9fp/public/formbuild.php on line 10
[28-Jul-2016 05:30:01 UTC] PHP Stack trace:
[28-Jul-2016 05:30:01 UTC] PHP   1. {main}() /home/ubuntu/workspace/CS50/pset9fp/public/formbuild.php:0
[28-Jul-2016 05:30:01 UTC] PHP   2. fwrite() /home/ubuntu/workspace/CS50/pset9fp/public/formbuild.php:10
[28-Jul-2016 05:31:35 UTC] PHP Warning:  fwrite() expects parameter 1 to be resource, boolean given in /home/ubuntu/workspace/CS50/pset9fp/public/formbuild.php on line 12
[28-Jul-2016 05:31:35 UTC] PHP Stack trace:
[28-Jul-2016 05:31:35 UTC] PHP   1. {main}() /home/ubuntu/workspace/CS50/pset9fp/public/formbuild.php:0
[28-Jul-2016 05:31:35 UTC] PHP   2. fwrite() /home/ubuntu/workspace/CS50/pset9fp/public/formbuild.php:12
[28-Jul-2016 05:34:43 UTC] PHP Warning:  fwrite() expects parameter 1 to be resource, boolean given in /home/ubuntu/workspace/CS50/pset9fp/public/formbuild.php on line 10
[28-Jul-2016 05:34:43 UTC] PHP Stack trace:
[28-Jul-2016 05:34:43 UTC] PHP   1. {main}() /home/ubuntu/workspace/CS50/pset9fp/public/formbuild.php:0
[28-Jul-2016 05:34:43 UTC] PHP   2. fwrite() /home/ubuntu/workspace/CS50/pset9fp/public/formbuild.php:10
[28-Jul-2016 05:36:12 UTC] PHP Warning:  fwrite() expects parameter 2 to be string, array given in /home/ubuntu/workspace/CS50/pset9fp/public/formbuild.php on line 9
[28-Jul-2016 05:36:12 UTC] PHP Stack trace:
[28-Jul-2016 05:36:12 UTC] PHP   1. {main}() /home/ubuntu/workspace/CS50/pset9fp/public/formbuild.php:0
[28-Jul-2016 05:36:12 UTC] PHP   2. fwrite() /home/ubuntu/workspace/CS50/pset9fp/public/formbuild.php:9
