[23-Jul-2016 18:09:38 UTC] PHP Fatal error:  Invalid view: usg.json in /home/ubuntu/workspace/CS50/pset9fp/includes/helpers.php on line 90
[23-Jul-2016 18:09:38 UTC] PHP Stack trace:
[23-Jul-2016 18:09:38 UTC] PHP   1. {main}() /home/ubuntu/workspace/CS50/pset9fp/public/index.php:0
[23-Jul-2016 18:09:38 UTC] PHP   2. render() /home/ubuntu/workspace/CS50/pset9fp/public/index.php:22
[23-Jul-2016 18:09:38 UTC] PHP   3. trigger_error() /home/ubuntu/workspace/CS50/pset9fp/includes/helpers.php:90
[23-Jul-2016 18:10:52 UTC] PHP Fatal error:  Invalid view: usg.json in /home/ubuntu/workspace/CS50/pset9fp/includes/helpers.php on line 90
[23-Jul-2016 18:10:52 UTC] PHP Stack trace:
[23-Jul-2016 18:10:52 UTC] PHP   1. {main}() /home/ubuntu/workspace/CS50/pset9fp/public/index.php:0
[23-Jul-2016 18:10:52 UTC] PHP   2. render() /home/ubuntu/workspace/CS50/pset9fp/public/index.php:18
[23-Jul-2016 18:10:52 UTC] PHP   3. trigger_error() /home/ubuntu/workspace/CS50/pset9fp/includes/helpers.php:90
[23-Jul-2016 18:10:54 UTC] PHP Fatal error:  Invalid view: usg.json in /home/ubuntu/workspace/CS50/pset9fp/includes/helpers.php on line 90
[23-Jul-2016 18:10:54 UTC] PHP Stack trace:
[23-Jul-2016 18:10:54 UTC] PHP   1. {main}() /home/ubuntu/workspace/CS50/pset9fp/public/index.php:0
[23-Jul-2016 18:10:54 UTC] PHP   2. render() /home/ubuntu/workspace/CS50/pset9fp/public/index.php:18
[23-Jul-2016 18:10:54 UTC] PHP   3. trigger_error() /home/ubuntu/workspace/CS50/pset9fp/includes/helpers.php:90
[23-Jul-2016 18:11:44 UTC] PHP Fatal error:  Invalid view: usg.json in /home/ubuntu/workspace/CS50/pset9fp/includes/helpers.php on line 90
[23-Jul-2016 18:11:44 UTC] PHP Stack trace:
[23-Jul-2016 18:11:44 UTC] PHP   1. {main}() /home/ubuntu/workspace/CS50/pset9fp/public/index.php:0
[23-Jul-2016 18:11:44 UTC] PHP   2. render() /home/ubuntu/workspace/CS50/pset9fp/public/index.php:21
[23-Jul-2016 18:11:44 UTC] PHP   3. trigger_error() /home/ubuntu/workspace/CS50/pset9fp/includes/helpers.php:90
[23-Jul-2016 18:11:45 UTC] PHP Fatal error:  Invalid view: usg.json in /home/ubuntu/workspace/CS50/pset9fp/includes/helpers.php on line 90
[23-Jul-2016 18:11:45 UTC] PHP Stack trace:
[23-Jul-2016 18:11:45 UTC] PHP   1. {main}() /home/ubuntu/workspace/CS50/pset9fp/public/index.php:0
[23-Jul-2016 18:11:45 UTC] PHP   2. render() /home/ubuntu/workspace/CS50/pset9fp/public/index.php:21
[23-Jul-2016 18:11:45 UTC] PHP   3. trigger_error() /home/ubuntu/workspace/CS50/pset9fp/includes/helpers.php:90
[23-Jul-2016 18:12:09 UTC] PHP Warning:  file_get_contents(../json/helsjfae.json): failed to open stream: No such file or directory in /home/ubuntu/workspace/CS50/pset9fp/public/index.php on line 16
[23-Jul-2016 18:12:09 UTC] PHP Stack trace:
[23-Jul-2016 18:12:09 UTC] PHP   1. {main}() /home/ubuntu/workspace/CS50/pset9fp/public/index.php:0
[23-Jul-2016 18:12:09 UTC] PHP   2. file_get_contents() /home/ubuntu/workspace/CS50/pset9fp/public/index.php:16
[23-Jul-2016 18:12:09 UTC] PHP Fatal error:  Invalid view: usg.json in /home/ubuntu/workspace/CS50/pset9fp/includes/helpers.php on line 90
[23-Jul-2016 18:12:09 UTC] PHP Stack trace:
[23-Jul-2016 18:12:09 UTC] PHP   1. {main}() /home/ubuntu/workspace/CS50/pset9fp/public/index.php:0
[23-Jul-2016 18:12:09 UTC] PHP   2. render() /home/ubuntu/workspace/CS50/pset9fp/public/index.php:21
[23-Jul-2016 18:12:09 UTC] PHP   3. trigger_error() /home/ubuntu/workspace/CS50/pset9fp/includes/helpers.php:90
[23-Jul-2016 18:12:40 UTC] PHP Fatal error:  Invalid view: usg.json in /home/ubuntu/workspace/CS50/pset9fp/includes/helpers.php on line 90
[23-Jul-2016 18:12:40 UTC] PHP Stack trace:
[23-Jul-2016 18:12:40 UTC] PHP   1. {main}() /home/ubuntu/workspace/CS50/pset9fp/public/index.php:0
[23-Jul-2016 18:12:40 UTC] PHP   2. render() /home/ubuntu/workspace/CS50/pset9fp/public/index.php:21
[23-Jul-2016 18:12:40 UTC] PHP   3. trigger_error() /home/ubuntu/workspace/CS50/pset9fp/includes/helpers.php:90
[23-Jul-2016 18:12:59 UTC] PHP Fatal error:  Invalid view: usg.json in /home/ubuntu/workspace/CS50/pset9fp/includes/helpers.php on line 90
[23-Jul-2016 18:12:59 UTC] PHP Stack trace:
[23-Jul-2016 18:12:59 UTC] PHP   1. {main}() /home/ubuntu/workspace/CS50/pset9fp/public/index.php:0
[23-Jul-2016 18:12:59 UTC] PHP   2. render() /home/ubuntu/workspace/CS50/pset9fp/public/index.php:24
[23-Jul-2016 18:12:59 UTC] PHP   3. trigger_error() /home/ubuntu/workspace/CS50/pset9fp/includes/helpers.php:90
[23-Jul-2016 18:13:00 UTC] PHP Fatal error:  Invalid view: usg.json in /home/ubuntu/workspace/CS50/pset9fp/includes/helpers.php on line 90
[23-Jul-2016 18:13:00 UTC] PHP Stack trace:
[23-Jul-2016 18:13:00 UTC] PHP   1. {main}() /home/ubuntu/workspace/CS50/pset9fp/public/index.php:0
[23-Jul-2016 18:13:00 UTC] PHP   2. render() /home/ubuntu/workspace/CS50/pset9fp/public/index.php:24
[23-Jul-2016 18:13:00 UTC] PHP   3. trigger_error() /home/ubuntu/workspace/CS50/pset9fp/includes/helpers.php:90
[23-Jul-2016 18:13:02 UTC] PHP Fatal error:  Invalid view: usg.json in /home/ubuntu/workspace/CS50/pset9fp/includes/helpers.php on line 90
[23-Jul-2016 18:13:02 UTC] PHP Stack trace:
[23-Jul-2016 18:13:02 UTC] PHP   1. {main}() /home/ubuntu/workspace/CS50/pset9fp/public/index.php:0
[23-Jul-2016 18:13:02 UTC] PHP   2. render() /home/ubuntu/workspace/CS50/pset9fp/public/index.php:24
[23-Jul-2016 18:13:02 UTC] PHP   3. trigger_error() /home/ubuntu/workspace/CS50/pset9fp/includes/helpers.php:90
[23-Jul-2016 18:13:44 UTC] PHP Notice:  Undefined variable: positions in /home/ubuntu/workspace/CS50/pset9fp/views/generic.php on line 13
[23-Jul-2016 18:13:44 UTC] PHP Stack trace:
[23-Jul-2016 18:13:44 UTC] PHP   1. {main}() /home/ubuntu/workspace/CS50/pset9fp/public/index.php:0
[23-Jul-2016 18:13:44 UTC] PHP   2. render() /home/ubuntu/workspace/CS50/pset9fp/public/index.php:24
[23-Jul-2016 18:13:44 UTC] PHP   3. require() /home/ubuntu/workspace/CS50/pset9fp/includes/helpers.php:82
[23-Jul-2016 18:13:44 UTC] PHP Warning:  Invalid argument supplied for foreach() in /home/ubuntu/workspace/CS50/pset9fp/views/generic.php on line 13
[23-Jul-2016 18:13:44 UTC] PHP Stack trace:
[23-Jul-2016 18:13:44 UTC] PHP   1. {main}() /home/ubuntu/workspace/CS50/pset9fp/public/index.php:0
[23-Jul-2016 18:13:44 UTC] PHP   2. render() /home/ubuntu/workspace/CS50/pset9fp/public/index.php:24
[23-Jul-2016 18:13:44 UTC] PHP   3. require() /home/ubuntu/workspace/CS50/pset9fp/includes/helpers.php:82
[23-Jul-2016 18:13:44 UTC] PHP Notice:  Undefined variable: cash in /home/ubuntu/workspace/CS50/pset9fp/views/generic.php on line 21
[23-Jul-2016 18:13:44 UTC] PHP Stack trace:
[23-Jul-2016 18:13:44 UTC] PHP   1. {main}() /home/ubuntu/workspace/CS50/pset9fp/public/index.php:0
[23-Jul-2016 18:13:44 UTC] PHP   2. render() /home/ubuntu/workspace/CS50/pset9fp/public/index.php:24
[23-Jul-2016 18:13:44 UTC] PHP   3. require() /home/ubuntu/workspace/CS50/pset9fp/includes/helpers.php:82
[23-Jul-2016 18:31:12 UTC] PHP Notice:  Undefined variable: url in /home/ubuntu/workspace/CS50/pset9fp/public/index.php on line 17
[23-Jul-2016 18:31:12 UTC] PHP Stack trace:
[23-Jul-2016 18:31:12 UTC] PHP   1. {main}() /home/ubuntu/workspace/CS50/pset9fp/public/index.php:0
[23-Jul-2016 18:31:12 UTC] PHP Warning:  file_get_contents(): Filename cannot be empty in /home/ubuntu/workspace/CS50/pset9fp/public/index.php on line 17
[23-Jul-2016 18:31:12 UTC] PHP Stack trace:
[23-Jul-2016 18:31:12 UTC] PHP   1. {main}() /home/ubuntu/workspace/CS50/pset9fp/public/index.php:0
[23-Jul-2016 18:31:12 UTC] PHP   2. file_get_contents() /home/ubuntu/workspace/CS50/pset9fp/public/index.php:17
