[23-Jul-2016 16:23:32 UTC] PHP Fatal error:  SQLSTATE[HY000] [1045] Access denied for user 'machajew'@'localhost' (using password: YES) in /home/ubuntu/workspace/CS50/pset8/vendor/library50-php-5/CS50/CS50.php on line 313
[23-Jul-2016 16:23:32 UTC] PHP Stack trace:
[23-Jul-2016 16:23:32 UTC] PHP   1. {main}() /home/ubuntu/workspace/CS50/pset8/public/update.php:0
[23-Jul-2016 16:23:32 UTC] PHP   2. CS50::query() /home/ubuntu/workspace/CS50/pset8/public/update.php:30
[23-Jul-2016 16:23:32 UTC] PHP   3. trigger_error() /home/ubuntu/workspace/CS50/pset8/vendor/library50-php-5/CS50/CS50.php:313
[23-Jul-2016 16:23:36 UTC] PHP Fatal error:  SQLSTATE[HY000] [1045] Access denied for user 'machajew'@'localhost' (using password: YES) in /home/ubuntu/workspace/CS50/pset8/vendor/library50-php-5/CS50/CS50.php on line 313
[23-Jul-2016 16:23:36 UTC] PHP Stack trace:
[23-Jul-2016 16:23:36 UTC] PHP   1. {main}() /home/ubuntu/workspace/CS50/pset8/public/update.php:0
[23-Jul-2016 16:23:36 UTC] PHP   2. CS50::query() /home/ubuntu/workspace/CS50/pset8/public/update.php:30
[23-Jul-2016 16:23:36 UTC] PHP   3. trigger_error() /home/ubuntu/workspace/CS50/pset8/vendor/library50-php-5/CS50/CS50.php:313
[23-Jul-2016 16:23:37 UTC] PHP Fatal error:  SQLSTATE[HY000] [1045] Access denied for user 'machajew'@'localhost' (using password: YES) in /home/ubuntu/workspace/CS50/pset8/vendor/library50-php-5/CS50/CS50.php on line 313
[23-Jul-2016 16:23:37 UTC] PHP Stack trace:
[23-Jul-2016 16:23:37 UTC] PHP   1. {main}() /home/ubuntu/workspace/CS50/pset8/public/update.php:0
[23-Jul-2016 16:23:37 UTC] PHP   2. CS50::query() /home/ubuntu/workspace/CS50/pset8/public/update.php:30
[23-Jul-2016 16:23:37 UTC] PHP   3. trigger_error() /home/ubuntu/workspace/CS50/pset8/vendor/library50-php-5/CS50/CS50.php:313
[23-Jul-2016 16:23:38 UTC] PHP Fatal error:  SQLSTATE[HY000] [1045] Access denied for user 'machajew'@'localhost' (using password: YES) in /home/ubuntu/workspace/CS50/pset8/vendor/library50-php-5/CS50/CS50.php on line 313
[23-Jul-2016 16:23:38 UTC] PHP Stack trace:
[23-Jul-2016 16:23:38 UTC] PHP   1. {main}() /home/ubuntu/workspace/CS50/pset8/public/update.php:0
[23-Jul-2016 16:23:38 UTC] PHP   2. CS50::query() /home/ubuntu/workspace/CS50/pset8/public/update.php:30
[23-Jul-2016 16:23:38 UTC] PHP   3. trigger_error() /home/ubuntu/workspace/CS50/pset8/vendor/library50-php-5/CS50/CS50.php:313
[23-Jul-2016 16:23:39 UTC] PHP Fatal error:  SQLSTATE[HY000] [1045] Access denied for user 'machajew'@'localhost' (using password: YES) in /home/ubuntu/workspace/CS50/pset8/vendor/library50-php-5/CS50/CS50.php on line 313
[23-Jul-2016 16:23:39 UTC] PHP Stack trace:
[23-Jul-2016 16:23:39 UTC] PHP   1. {main}() /home/ubuntu/workspace/CS50/pset8/public/update.php:0
[23-Jul-2016 16:23:39 UTC] PHP   2. CS50::query() /home/ubuntu/workspace/CS50/pset8/public/update.php:30
[23-Jul-2016 16:23:39 UTC] PHP   3. trigger_error() /home/ubuntu/workspace/CS50/pset8/vendor/library50-php-5/CS50/CS50.php:313
[23-Jul-2016 16:23:40 UTC] PHP Fatal error:  SQLSTATE[HY000] [1045] Access denied for user 'machajew'@'localhost' (using password: YES) in /home/ubuntu/workspace/CS50/pset8/vendor/library50-php-5/CS50/CS50.php on line 313
[23-Jul-2016 16:23:40 UTC] PHP Stack trace:
[23-Jul-2016 16:23:40 UTC] PHP   1. {main}() /home/ubuntu/workspace/CS50/pset8/public/update.php:0
[23-Jul-2016 16:23:40 UTC] PHP   2. CS50::query() /home/ubuntu/workspace/CS50/pset8/public/update.php:30
[23-Jul-2016 16:23:40 UTC] PHP   3. trigger_error() /home/ubuntu/workspace/CS50/pset8/vendor/library50-php-5/CS50/CS50.php:313
[23-Jul-2016 16:26:22 UTC] PHP Fatal error:  SQLSTATE[HY000] [1045] Access denied for user 'machajew'@'localhost' (using password: YES) in /home/ubuntu/workspace/CS50/pset8/vendor/library50-php-5/CS50/CS50.php on line 313
[23-Jul-2016 16:26:22 UTC] PHP Stack trace:
[23-Jul-2016 16:26:22 UTC] PHP   1. {main}() /home/ubuntu/workspace/CS50/pset8/public/update.php:0
[23-Jul-2016 16:26:22 UTC] PHP   2. CS50::query() /home/ubuntu/workspace/CS50/pset8/public/update.php:30
[23-Jul-2016 16:26:22 UTC] PHP   3. trigger_error() /home/ubuntu/workspace/CS50/pset8/vendor/library50-php-5/CS50/CS50.php:313
[23-Jul-2016 16:26:24 UTC] PHP Fatal error:  SQLSTATE[HY000] [1045] Access denied for user 'machajew'@'localhost' (using password: YES) in /home/ubuntu/workspace/CS50/pset8/vendor/library50-php-5/CS50/CS50.php on line 313
[23-Jul-2016 16:26:24 UTC] PHP Stack trace:
[23-Jul-2016 16:26:24 UTC] PHP   1. {main}() /home/ubuntu/workspace/CS50/pset8/public/update.php:0
[23-Jul-2016 16:26:24 UTC] PHP   2. CS50::query() /home/ubuntu/workspace/CS50/pset8/public/update.php:30
[23-Jul-2016 16:26:24 UTC] PHP   3. trigger_error() /home/ubuntu/workspace/CS50/pset8/vendor/library50-php-5/CS50/CS50.php:313
[24-Jul-2016 04:39:30 UTC] PHP Fatal error:  SQLSTATE[HY000] [1045] Access denied for user 'machajew'@'localhost' (using password: YES) in /home/ubuntu/workspace/CS50/pset8/vendor/library50-php-5/CS50/CS50.php on line 313
[24-Jul-2016 04:39:30 UTC] PHP Stack trace:
[24-Jul-2016 04:39:30 UTC] PHP   1. {main}() /home/ubuntu/workspace/CS50/pset8/public/update.php:0
[24-Jul-2016 04:39:30 UTC] PHP   2. CS50::query() /home/ubuntu/workspace/CS50/pset8/public/update.php:30
[24-Jul-2016 04:39:30 UTC] PHP   3. trigger_error() /home/ubuntu/workspace/CS50/pset8/vendor/library50-php-5/CS50/CS50.php:313
[24-Jul-2016 04:39:42 UTC] PHP Fatal error:  SQLSTATE[HY000] [1045] Access denied for user 'machajew'@'localhost' (using password: YES) in /home/ubuntu/workspace/CS50/pset8/vendor/library50-php-5/CS50/CS50.php on line 313
[24-Jul-2016 04:39:42 UTC] PHP Stack trace:
[24-Jul-2016 04:39:42 UTC] PHP   1. {main}() /home/ubuntu/workspace/CS50/pset8/public/update.php:0
[24-Jul-2016 04:39:42 UTC] PHP   2. CS50::query() /home/ubuntu/workspace/CS50/pset8/public/update.php:30
[24-Jul-2016 04:39:42 UTC] PHP   3. trigger_error() /home/ubuntu/workspace/CS50/pset8/vendor/library50-php-5/CS50/CS50.php:313
[24-Jul-2016 04:39:42 UTC] PHP Fatal error:  SQLSTATE[HY000] [1045] Access denied for user 'machajew'@'localhost' (using password: YES) in /home/ubuntu/workspace/CS50/pset8/vendor/library50-php-5/CS50/CS50.php on line 313
[24-Jul-2016 04:39:42 UTC] PHP Stack trace:
[24-Jul-2016 04:39:42 UTC] PHP   1. {main}() /home/ubuntu/workspace/CS50/pset8/public/update.php:0
[24-Jul-2016 04:39:42 UTC] PHP   2. CS50::query() /home/ubuntu/workspace/CS50/pset8/public/update.php:30
[24-Jul-2016 04:39:42 UTC] PHP   3. trigger_error() /home/ubuntu/workspace/CS50/pset8/vendor/library50-php-5/CS50/CS50.php:313
[24-Jul-2016 04:39:43 UTC] PHP Fatal error:  SQLSTATE[HY000] [1045] Access denied for user 'machajew'@'localhost' (using password: YES) in /home/ubuntu/workspace/CS50/pset8/vendor/library50-php-5/CS50/CS50.php on line 313
[24-Jul-2016 04:39:43 UTC] PHP Stack trace:
[24-Jul-2016 04:39:43 UTC] PHP   1. {main}() /home/ubuntu/workspace/CS50/pset8/public/update.php:0
[24-Jul-2016 04:39:43 UTC] PHP   2. CS50::query() /home/ubuntu/workspace/CS50/pset8/public/update.php:30
[24-Jul-2016 04:39:43 UTC] PHP   3. trigger_error() /home/ubuntu/workspace/CS50/pset8/vendor/library50-php-5/CS50/CS50.php:313
[24-Jul-2016 04:39:43 UTC] PHP Fatal error:  SQLSTATE[HY000] [1045] Access denied for user 'machajew'@'localhost' (using password: YES) in /home/ubuntu/workspace/CS50/pset8/vendor/library50-php-5/CS50/CS50.php on line 313
[24-Jul-2016 04:39:43 UTC] PHP Stack trace:
[24-Jul-2016 04:39:43 UTC] PHP   1. {main}() /home/ubuntu/workspace/CS50/pset8/public/update.php:0
[24-Jul-2016 04:39:43 UTC] PHP   2. CS50::query() /home/ubuntu/workspace/CS50/pset8/public/update.php:30
[24-Jul-2016 04:39:43 UTC] PHP   3. trigger_error() /home/ubuntu/workspace/CS50/pset8/vendor/library50-php-5/CS50/CS50.php:313
[24-Jul-2016 04:39:44 UTC] PHP Fatal error:  SQLSTATE[HY000] [1045] Access denied for user 'machajew'@'localhost' (using password: YES) in /home/ubuntu/workspace/CS50/pset8/vendor/library50-php-5/CS50/CS50.php on line 313
[24-Jul-2016 04:39:44 UTC] PHP Stack trace:
[24-Jul-2016 04:39:44 UTC] PHP   1. {main}() /home/ubuntu/workspace/CS50/pset8/public/update.php:0
[24-Jul-2016 04:39:44 UTC] PHP   2. CS50::query() /home/ubuntu/workspace/CS50/pset8/public/update.php:30
[24-Jul-2016 04:39:44 UTC] PHP   3. trigger_error() /home/ubuntu/workspace/CS50/pset8/vendor/library50-php-5/CS50/CS50.php:313
[24-Jul-2016 04:39:45 UTC] PHP Fatal error:  SQLSTATE[HY000] [1045] Access denied for user 'machajew'@'localhost' (using password: YES) in /home/ubuntu/workspace/CS50/pset8/vendor/library50-php-5/CS50/CS50.php on line 313
[24-Jul-2016 04:39:45 UTC] PHP Stack trace:
[24-Jul-2016 04:39:45 UTC] PHP   1. {main}() /home/ubuntu/workspace/CS50/pset8/public/update.php:0
[24-Jul-2016 04:39:45 UTC] PHP   2. CS50::query() /home/ubuntu/workspace/CS50/pset8/public/update.php:30
[24-Jul-2016 04:39:45 UTC] PHP   3. trigger_error() /home/ubuntu/workspace/CS50/pset8/vendor/library50-php-5/CS50/CS50.php:313
[24-Jul-2016 04:39:47 UTC] PHP Fatal error:  SQLSTATE[HY000] [1045] Access denied for user 'machajew'@'localhost' (using password: YES) in /home/ubuntu/workspace/CS50/pset8/vendor/library50-php-5/CS50/CS50.php on line 313
[24-Jul-2016 04:39:47 UTC] PHP Stack trace:
[24-Jul-2016 04:39:47 UTC] PHP   1. {main}() /home/ubuntu/workspace/CS50/pset8/public/update.php:0
[24-Jul-2016 04:39:47 UTC] PHP   2. CS50::query() /home/ubuntu/workspace/CS50/pset8/public/update.php:30
[24-Jul-2016 04:39:47 UTC] PHP   3. trigger_error() /home/ubuntu/workspace/CS50/pset8/vendor/library50-php-5/CS50/CS50.php:313
[24-Jul-2016 04:39:48 UTC] PHP Fatal error:  SQLSTATE[HY000] [1045] Access denied for user 'machajew'@'localhost' (using password: YES) in /home/ubuntu/workspace/CS50/pset8/vendor/library50-php-5/CS50/CS50.php on line 313
[24-Jul-2016 04:39:48 UTC] PHP Stack trace:
[24-Jul-2016 04:39:48 UTC] PHP   1. {main}() /home/ubuntu/workspace/CS50/pset8/public/update.php:0
[24-Jul-2016 04:39:48 UTC] PHP   2. CS50::query() /home/ubuntu/workspace/CS50/pset8/public/update.php:30
[24-Jul-2016 04:39:48 UTC] PHP   3. trigger_error() /home/ubuntu/workspace/CS50/pset8/vendor/library50-php-5/CS50/CS50.php:313
[24-Jul-2016 04:39:48 UTC] PHP Fatal error:  SQLSTATE[HY000] [1045] Access denied for user 'machajew'@'localhost' (using password: YES) in /home/ubuntu/workspace/CS50/pset8/vendor/library50-php-5/CS50/CS50.php on line 313
[24-Jul-2016 04:39:48 UTC] PHP Stack trace:
[24-Jul-2016 04:39:48 UTC] PHP   1. {main}() /home/ubuntu/workspace/CS50/pset8/public/update.php:0
[24-Jul-2016 04:39:48 UTC] PHP   2. CS50::query() /home/ubuntu/workspace/CS50/pset8/public/update.php:30
[24-Jul-2016 04:39:48 UTC] PHP   3. trigger_error() /home/ubuntu/workspace/CS50/pset8/vendor/library50-php-5/CS50/CS50.php:313
[24-Jul-2016 04:39:49 UTC] PHP Fatal error:  SQLSTATE[HY000] [1045] Access denied for user 'machajew'@'localhost' (using password: YES) in /home/ubuntu/workspace/CS50/pset8/vendor/library50-php-5/CS50/CS50.php on line 313
[24-Jul-2016 04:39:49 UTC] PHP Stack trace:
[24-Jul-2016 04:39:49 UTC] PHP   1. {main}() /home/ubuntu/workspace/CS50/pset8/public/update.php:0
[24-Jul-2016 04:39:49 UTC] PHP   2. CS50::query() /home/ubuntu/workspace/CS50/pset8/public/update.php:30
[24-Jul-2016 04:39:49 UTC] PHP   3. trigger_error() /home/ubuntu/workspace/CS50/pset8/vendor/library50-php-5/CS50/CS50.php:313
[24-Jul-2016 04:39:53 UTC] PHP Fatal error:  SQLSTATE[HY000] [1045] Access denied for user 'machajew'@'localhost' (using password: YES) in /home/ubuntu/workspace/CS50/pset8/vendor/library50-php-5/CS50/CS50.php on line 313
[24-Jul-2016 04:39:53 UTC] PHP Stack trace:
[24-Jul-2016 04:39:53 UTC] PHP   1. {main}() /home/ubuntu/workspace/CS50/pset8/public/update.php:0
[24-Jul-2016 04:39:53 UTC] PHP   2. CS50::query() /home/ubuntu/workspace/CS50/pset8/public/update.php:30
[24-Jul-2016 04:39:53 UTC] PHP   3. trigger_error() /home/ubuntu/workspace/CS50/pset8/vendor/library50-php-5/CS50/CS50.php:313
[24-Jul-2016 04:39:54 UTC] PHP Fatal error:  SQLSTATE[HY000] [1045] Access denied for user 'machajew'@'localhost' (using password: YES) in /home/ubuntu/workspace/CS50/pset8/vendor/library50-php-5/CS50/CS50.php on line 313
[24-Jul-2016 04:39:54 UTC] PHP Stack trace:
[24-Jul-2016 04:39:54 UTC] PHP   1. {main}() /home/ubuntu/workspace/CS50/pset8/public/update.php:0
[24-Jul-2016 04:39:54 UTC] PHP   2. CS50::query() /home/ubuntu/workspace/CS50/pset8/public/update.php:30
[24-Jul-2016 04:39:54 UTC] PHP   3. trigger_error() /home/ubuntu/workspace/CS50/pset8/vendor/library50-php-5/CS50/CS50.php:313
[24-Jul-2016 04:39:55 UTC] PHP Fatal error:  SQLSTATE[HY000] [1045] Access denied for user 'machajew'@'localhost' (using password: YES) in /home/ubuntu/workspace/CS50/pset8/vendor/library50-php-5/CS50/CS50.php on line 313
[24-Jul-2016 04:39:55 UTC] PHP Stack trace:
[24-Jul-2016 04:39:55 UTC] PHP   1. {main}() /home/ubuntu/workspace/CS50/pset8/public/update.php:0
[24-Jul-2016 04:39:55 UTC] PHP   2. CS50::query() /home/ubuntu/workspace/CS50/pset8/public/update.php:30
[24-Jul-2016 04:39:55 UTC] PHP   3. trigger_error() /home/ubuntu/workspace/CS50/pset8/vendor/library50-php-5/CS50/CS50.php:313
[24-Jul-2016 04:39:55 UTC] PHP Fatal error:  SQLSTATE[HY000] [1045] Access denied for user 'machajew'@'localhost' (using password: YES) in /home/ubuntu/workspace/CS50/pset8/vendor/library50-php-5/CS50/CS50.php on line 313
[24-Jul-2016 04:39:55 UTC] PHP Stack trace:
[24-Jul-2016 04:39:55 UTC] PHP   1. {main}() /home/ubuntu/workspace/CS50/pset8/public/update.php:0
[24-Jul-2016 04:39:55 UTC] PHP   2. CS50::query() /home/ubuntu/workspace/CS50/pset8/public/update.php:30
[24-Jul-2016 04:39:55 UTC] PHP   3. trigger_error() /home/ubuntu/workspace/CS50/pset8/vendor/library50-php-5/CS50/CS50.php:313
[24-Jul-2016 04:39:56 UTC] PHP Fatal error:  SQLSTATE[HY000] [1045] Access denied for user 'machajew'@'localhost' (using password: YES) in /home/ubuntu/workspace/CS50/pset8/vendor/library50-php-5/CS50/CS50.php on line 313
[24-Jul-2016 04:39:56 UTC] PHP Stack trace:
[24-Jul-2016 04:39:56 UTC] PHP   1. {main}() /home/ubuntu/workspace/CS50/pset8/public/update.php:0
[24-Jul-2016 04:39:56 UTC] PHP   2. CS50::query() /home/ubuntu/workspace/CS50/pset8/public/update.php:30
[24-Jul-2016 04:39:56 UTC] PHP   3. trigger_error() /home/ubuntu/workspace/CS50/pset8/vendor/library50-php-5/CS50/CS50.php:313
[24-Jul-2016 04:39:57 UTC] PHP Fatal error:  SQLSTATE[HY000] [1045] Access denied for user 'machajew'@'localhost' (using password: YES) in /home/ubuntu/workspace/CS50/pset8/vendor/library50-php-5/CS50/CS50.php on line 313
[24-Jul-2016 04:39:57 UTC] PHP Stack trace:
[24-Jul-2016 04:39:57 UTC] PHP   1. {main}() /home/ubuntu/workspace/CS50/pset8/public/update.php:0
[24-Jul-2016 04:39:57 UTC] PHP   2. CS50::query() /home/ubuntu/workspace/CS50/pset8/public/update.php:30
[24-Jul-2016 04:39:57 UTC] PHP   3. trigger_error() /home/ubuntu/workspace/CS50/pset8/vendor/library50-php-5/CS50/CS50.php:313
[24-Jul-2016 04:39:58 UTC] PHP Fatal error:  SQLSTATE[HY000] [1045] Access denied for user 'machajew'@'localhost' (using password: YES) in /home/ubuntu/workspace/CS50/pset8/vendor/library50-php-5/CS50/CS50.php on line 313
[24-Jul-2016 04:39:58 UTC] PHP Stack trace:
[24-Jul-2016 04:39:58 UTC] PHP   1. {main}() /home/ubuntu/workspace/CS50/pset8/public/update.php:0
[24-Jul-2016 04:39:58 UTC] PHP   2. CS50::query() /home/ubuntu/workspace/CS50/pset8/public/update.php:30
[24-Jul-2016 04:39:58 UTC] PHP   3. trigger_error() /home/ubuntu/workspace/CS50/pset8/vendor/library50-php-5/CS50/CS50.php:313
[25-Jul-2016 00:47:26 UTC] PHP Fatal error:  SQLSTATE[HY000] [1045] Access denied for user 'machajew'@'localhost' (using password: YES) in /home/ubuntu/workspace/CS50/pset8/vendor/library50-php-5/CS50/CS50.php on line 313
[25-Jul-2016 00:47:27 UTC] PHP Stack trace:
[25-Jul-2016 00:47:27 UTC] PHP   1. {main}() /home/ubuntu/workspace/CS50/pset8/public/update.php:0
[25-Jul-2016 00:47:27 UTC] PHP   2. CS50::query() /home/ubuntu/workspace/CS50/pset8/public/update.php:30
[25-Jul-2016 00:47:27 UTC] PHP   3. trigger_error() /home/ubuntu/workspace/CS50/pset8/vendor/library50-php-5/CS50/CS50.php:313
[25-Jul-2016 00:48:13 UTC] PHP Fatal error:  SQLSTATE[HY000] [1045] Access denied for user 'machajew'@'localhost' (using password: YES) in /home/ubuntu/workspace/CS50/pset8/vendor/library50-php-5/CS50/CS50.php on line 313
[25-Jul-2016 00:48:13 UTC] PHP Stack trace:
[25-Jul-2016 00:48:13 UTC] PHP   1. {main}() /home/ubuntu/workspace/CS50/pset8/public/update.php:0
[25-Jul-2016 00:48:13 UTC] PHP   2. CS50::query() /home/ubuntu/workspace/CS50/pset8/public/update.php:30
[25-Jul-2016 00:48:13 UTC] PHP   3. trigger_error() /home/ubuntu/workspace/CS50/pset8/vendor/library50-php-5/CS50/CS50.php:313
[25-Jul-2016 00:48:16 UTC] PHP Fatal error:  SQLSTATE[HY000] [1045] Access denied for user 'machajew'@'localhost' (using password: YES) in /home/ubuntu/workspace/CS50/pset8/vendor/library50-php-5/CS50/CS50.php on line 313
[25-Jul-2016 00:48:16 UTC] PHP Stack trace:
[25-Jul-2016 00:48:16 UTC] PHP   1. {main}() /home/ubuntu/workspace/CS50/pset8/public/update.php:0
[25-Jul-2016 00:48:16 UTC] PHP   2. CS50::query() /home/ubuntu/workspace/CS50/pset8/public/update.php:30
[25-Jul-2016 00:48:16 UTC] PHP   3. trigger_error() /home/ubuntu/workspace/CS50/pset8/vendor/library50-php-5/CS50/CS50.php:313
[17-Mar-2017 20:12:16 UTC] PHP Fatal error:  SQLSTATE[HY000] [1045] Access denied for user 'machajew'@'localhost' (using password: YES) in /home/ubuntu/workspace/CS50/pset8/vendor/library50-php-5/CS50/CS50.php on line 313
[17-Mar-2017 20:12:16 UTC] PHP Stack trace:
[17-Mar-2017 20:12:16 UTC] PHP   1. {main}() /home/ubuntu/workspace/CS50/pset8/public/update.php:0
[17-Mar-2017 20:12:16 UTC] PHP   2. CS50::query() /home/ubuntu/workspace/CS50/pset8/public/update.php:30
[17-Mar-2017 20:12:16 UTC] PHP   3. trigger_error() /home/ubuntu/workspace/CS50/pset8/vendor/library50-php-5/CS50/CS50.php:313
[17-Mar-2017 20:12:20 UTC] PHP Fatal error:  SQLSTATE[HY000] [1045] Access denied for user 'machajew'@'localhost' (using password: YES) in /home/ubuntu/workspace/CS50/pset8/vendor/library50-php-5/CS50/CS50.php on line 313
[17-Mar-2017 20:12:20 UTC] PHP Stack trace:
[17-Mar-2017 20:12:20 UTC] PHP   1. {main}() /home/ubuntu/workspace/CS50/pset8/public/update.php:0
[17-Mar-2017 20:12:20 UTC] PHP   2. CS50::query() /home/ubuntu/workspace/CS50/pset8/public/update.php:30
[17-Mar-2017 20:12:20 UTC] PHP   3. trigger_error() /home/ubuntu/workspace/CS50/pset8/vendor/library50-php-5/CS50/CS50.php:313
[17-Mar-2017 20:12:24 UTC] PHP Fatal error:  SQLSTATE[HY000] [1045] Access denied for user 'machajew'@'localhost' (using password: YES) in /home/ubuntu/workspace/CS50/pset8/vendor/library50-php-5/CS50/CS50.php on line 313
[17-Mar-2017 20:12:24 UTC] PHP Stack trace:
[17-Mar-2017 20:12:24 UTC] PHP   1. {main}() /home/ubuntu/workspace/CS50/pset8/public/update.php:0
[17-Mar-2017 20:12:24 UTC] PHP   2. CS50::query() /home/ubuntu/workspace/CS50/pset8/public/update.php:30
[17-Mar-2017 20:12:24 UTC] PHP   3. trigger_error() /home/ubuntu/workspace/CS50/pset8/vendor/library50-php-5/CS50/CS50.php:313
[17-Mar-2017 20:12:25 UTC] PHP Fatal error:  SQLSTATE[HY000] [1045] Access denied for user 'machajew'@'localhost' (using password: YES) in /home/ubuntu/workspace/CS50/pset8/vendor/library50-php-5/CS50/CS50.php on line 313
[17-Mar-2017 20:12:25 UTC] PHP Stack trace:
[17-Mar-2017 20:12:25 UTC] PHP   1. {main}() /home/ubuntu/workspace/CS50/pset8/public/update.php:0
[17-Mar-2017 20:12:25 UTC] PHP   2. CS50::query() /home/ubuntu/workspace/CS50/pset8/public/update.php:30
[17-Mar-2017 20:12:25 UTC] PHP   3. trigger_error() /home/ubuntu/workspace/CS50/pset8/vendor/library50-php-5/CS50/CS50.php:313
[17-Mar-2017 20:12:26 UTC] PHP Fatal error:  SQLSTATE[HY000] [1045] Access denied for user 'machajew'@'localhost' (using password: YES) in /home/ubuntu/workspace/CS50/pset8/vendor/library50-php-5/CS50/CS50.php on line 313
[17-Mar-2017 20:12:26 UTC] PHP Stack trace:
[17-Mar-2017 20:12:26 UTC] PHP   1. {main}() /home/ubuntu/workspace/CS50/pset8/public/update.php:0
[17-Mar-2017 20:12:26 UTC] PHP   2. CS50::query() /home/ubuntu/workspace/CS50/pset8/public/update.php:30
[17-Mar-2017 20:12:26 UTC] PHP   3. trigger_error() /home/ubuntu/workspace/CS50/pset8/vendor/library50-php-5/CS50/CS50.php:313
[17-Mar-2017 20:12:27 UTC] PHP Fatal error:  SQLSTATE[HY000] [1045] Access denied for user 'machajew'@'localhost' (using password: YES) in /home/ubuntu/workspace/CS50/pset8/vendor/library50-php-5/CS50/CS50.php on line 313
[17-Mar-2017 20:12:27 UTC] PHP Stack trace:
[17-Mar-2017 20:12:27 UTC] PHP   1. {main}() /home/ubuntu/workspace/CS50/pset8/public/update.php:0
[17-Mar-2017 20:12:27 UTC] PHP   2. CS50::query() /home/ubuntu/workspace/CS50/pset8/public/update.php:30
[17-Mar-2017 20:12:27 UTC] PHP   3. trigger_error() /home/ubuntu/workspace/CS50/pset8/vendor/library50-php-5/CS50/CS50.php:313
[17-Mar-2017 20:12:29 UTC] PHP Fatal error:  SQLSTATE[HY000] [1045] Access denied for user 'machajew'@'localhost' (using password: YES) in /home/ubuntu/workspace/CS50/pset8/vendor/library50-php-5/CS50/CS50.php on line 313
[17-Mar-2017 20:12:29 UTC] PHP Stack trace:
[17-Mar-2017 20:12:29 UTC] PHP   1. {main}() /home/ubuntu/workspace/CS50/pset8/public/update.php:0
[17-Mar-2017 20:12:29 UTC] PHP   2. CS50::query() /home/ubuntu/workspace/CS50/pset8/public/update.php:30
[17-Mar-2017 20:12:29 UTC] PHP   3. trigger_error() /home/ubuntu/workspace/CS50/pset8/vendor/library50-php-5/CS50/CS50.php:313
[17-Mar-2017 20:12:30 UTC] PHP Fatal error:  SQLSTATE[HY000] [1045] Access denied for user 'machajew'@'localhost' (using password: YES) in /home/ubuntu/workspace/CS50/pset8/vendor/library50-php-5/CS50/CS50.php on line 313
[17-Mar-2017 20:12:30 UTC] PHP Stack trace:
[17-Mar-2017 20:12:30 UTC] PHP   1. {main}() /home/ubuntu/workspace/CS50/pset8/public/update.php:0
[17-Mar-2017 20:12:30 UTC] PHP   2. CS50::query() /home/ubuntu/workspace/CS50/pset8/public/update.php:30
[17-Mar-2017 20:12:30 UTC] PHP   3. trigger_error() /home/ubuntu/workspace/CS50/pset8/vendor/library50-php-5/CS50/CS50.php:313
[17-Mar-2017 20:12:31 UTC] PHP Fatal error:  SQLSTATE[HY000] [1045] Access denied for user 'machajew'@'localhost' (using password: YES) in /home/ubuntu/workspace/CS50/pset8/vendor/library50-php-5/CS50/CS50.php on line 313
[17-Mar-2017 20:12:31 UTC] PHP Stack trace:
[17-Mar-2017 20:12:31 UTC] PHP   1. {main}() /home/ubuntu/workspace/CS50/pset8/public/update.php:0
[17-Mar-2017 20:12:31 UTC] PHP   2. CS50::query() /home/ubuntu/workspace/CS50/pset8/public/update.php:30
[17-Mar-2017 20:12:31 UTC] PHP   3. trigger_error() /home/ubuntu/workspace/CS50/pset8/vendor/library50-php-5/CS50/CS50.php:313
[17-Mar-2017 20:12:33 UTC] PHP Fatal error:  SQLSTATE[HY000] [1045] Access denied for user 'machajew'@'localhost' (using password: YES) in /home/ubuntu/workspace/CS50/pset8/vendor/library50-php-5/CS50/CS50.php on line 313
[17-Mar-2017 20:12:33 UTC] PHP Stack trace:
[17-Mar-2017 20:12:33 UTC] PHP   1. {main}() /home/ubuntu/workspace/CS50/pset8/public/update.php:0
[17-Mar-2017 20:12:33 UTC] PHP   2. CS50::query() /home/ubuntu/workspace/CS50/pset8/public/update.php:30
[17-Mar-2017 20:12:33 UTC] PHP   3. trigger_error() /home/ubuntu/workspace/CS50/pset8/vendor/library50-php-5/CS50/CS50.php:313
